<?xml version="1.0" encoding="UTF-8"?>
<!-- Generated by org.testng.reporters.JUnitReportReporter -->
<testsuite hostname="LAPTOP-IJHO8QFI" failures="0" tests="1" name="Naukri_refresh.Naukri_refresh.Naukri" time="12.661" errors="0" timestamp="2024-10-13T23:27:23 IST" skipped="0">
  <testcase classname="Naukri_refresh.Naukri_refresh.Naukri" name="ma" time="12.661"/>
  <system-out/>
</testsuite> <!-- Naukri_refresh.Naukri_refresh.Naukri -->
