<?xml version="1.0" encoding="UTF-8"?>
<!-- Generated by org.testng.reporters.JUnitReportReporter -->
<testsuite hostname="LAPTOP-IJHO8QFI" failures="0" tests="1" name="Naukri_refresh.Naukri_refresh.Naukri" time="10.512" errors="0" timestamp="2024-10-14T00:21:53 IST" skipped="0">
  <testcase classname="Naukri_refresh.Naukri_refresh.Naukri" name="Naukri" time="10.512"/>
  <system-out/>
</testsuite> <!-- Naukri_refresh.Naukri_refresh.Naukri -->
