<?xml version="1.0" encoding="UTF-8"?>
<!-- Generated by org.testng.reporters.JUnitReportReporter -->
<testsuite hostname="LAPTOP-IJHO8QFI" failures="0" tests="1" name="Naukri_refresh.Naukri_refresh.AppTest" time="0.054" errors="0" timestamp="2024-10-13T19:18:46 IST" skipped="0">
  <testcase classname="Naukri_refresh.Naukri_refresh.AppTest" name="testApp" time="0.054"/>
  <system-out/>
</testsuite> <!-- Naukri_refresh.Naukri_refresh.AppTest -->
